2021-10-20T05:58:04.639Z - info: Website generation (lazy) started at 1:57:56 pm
2021-10-20T05:58:20.228Z - info: Building assets...
2021-10-20T05:58:38.666Z - info: Assets built
2021-10-20T05:58:38.668Z - info: Generating landing page...
2021-10-20T05:58:43.901Z - info: Landing page built, other pages will be built as you navigate to them!
2021-10-20T05:58:47.570Z - info: Site data built
2021-10-20T05:58:47.571Z - info: Website generation (lazy) complete! Total build time: 50.857s
2021-10-20T05:58:50.439Z - info: Serving "C:\repos\nus-cs2103\cs2103-website-base\_site" at http://127.0.0.1:8080
2021-10-20T05:58:50.439Z - info: Press CTRL+C to stop ...
2021-10-20T06:00:14.711Z - info: [2:00:14 pm] Reload for file change: C:\repos\nus-cs2103\cs2103-website-base\admin\tp-grading-bugs.mbdf
2021-10-20T06:00:14.713Z - info: Synchronizing opened pages list before reload
2021-10-20T06:00:14.716Z - info: Current opened pages, from most-to-least recent:
2021-10-20T06:00:14.717Z - info: 1. index
2021-10-20T06:00:15.854Z - info: Assets built
2021-10-20T06:02:56.165Z - info: [2:02:56 pm] Reload for file change: C:\repos\nus-cs2103\cs2103-website-base\admin\tp-tasks.mbdf
2021-10-20T06:02:56.166Z - info: Synchronizing opened pages list before reload
2021-10-20T06:02:56.167Z - info: Current opened pages, from most-to-least recent:
2021-10-20T06:02:56.167Z - info: 1. index
2021-10-20T06:02:57.194Z - info: Rebuilding 1 pages
2021-10-20T06:02:59.657Z - info: Site data built
2021-10-20T06:02:59.659Z - info: Pages rebuilt
2021-10-20T06:02:59.660Z - info: Website regeneration complete! Total build time: 2.468s
2021-10-20T06:03:00.455Z - info: Building C:\repos\nus-cs2103\cs2103-website-base\schedule\week10\project as some of its dependencies were changed since the last visit
2021-10-20T06:03:03.610Z - info: Site data built
2021-10-20T06:03:03.611Z - info: Lazy website regeneration complete! Total build time: 3.156s
2021-10-20T06:04:50.539Z - info: [2:04:50 pm] Reload for file change: C:\repos\nus-cs2103\cs2103-website-base\admin\tp-tasks.mbdf
2021-10-20T06:04:50.540Z - info: Synchronizing opened pages list before reload
2021-10-20T06:04:50.541Z - info: Current opened pages, from most-to-least recent:
2021-10-20T06:04:50.542Z - info: 1. schedule/week10/project
2021-10-20T06:04:51.564Z - info: Rebuilding 1 pages
2021-10-20T06:04:54.951Z - info: Site data built
2021-10-20T06:04:54.952Z - info: Pages rebuilt
2021-10-20T06:04:54.953Z - info: Website regeneration complete! Total build time: 3.39s
2021-10-20T06:06:25.944Z - info: [2:06:25 pm] Reload for file change: C:\repos\nus-cs2103\cs2103-website-base\admin\tp-tasks.mbdf
2021-10-20T06:06:25.945Z - info: Synchronizing opened pages list before reload
2021-10-20T06:06:25.946Z - info: Current opened pages, from most-to-least recent:
2021-10-20T06:06:25.947Z - info: 1. schedule/week10/project
2021-10-20T06:06:27.014Z - info: Rebuilding 1 pages
2021-10-20T06:06:31.257Z - info: Site data built
2021-10-20T06:06:31.258Z - info: Pages rebuilt
2021-10-20T06:06:31.259Z - info: Website regeneration complete! Total build time: 4.247s
2021-10-20T06:06:33.907Z - info: [2:06:33 pm] Reload for file change: C:\repos\nus-cs2103\cs2103-website-base\admin\tp-tasks.mbdf
2021-10-20T06:06:33.907Z - info: Synchronizing opened pages list before reload
2021-10-20T06:06:33.907Z - info: Current opened pages, from most-to-least recent:
2021-10-20T06:06:33.908Z - info: 1. schedule/week10/project
2021-10-20T06:06:34.921Z - info: Rebuilding 1 pages
2021-10-20T06:06:37.419Z - info: Site data built
2021-10-20T06:06:37.420Z - info: Pages rebuilt
2021-10-20T06:06:37.420Z - info: Website regeneration complete! Total build time: 2.502s
2021-10-20T06:07:04.595Z - info: [2:07:04 pm] Reload for file change: C:\repos\nus-cs2103\cs2103-website-base\admin\tp-grading-bugs.mbdf
2021-10-20T06:07:04.596Z - info: Synchronizing opened pages list before reload
2021-10-20T06:07:04.596Z - info: Current opened pages, from most-to-least recent:
2021-10-20T06:07:04.596Z - info: 1. schedule/week10/project
2021-10-20T06:07:05.609Z - info: Rebuilding 1 pages
2021-10-20T06:07:08.745Z - info: Site data built
2021-10-20T06:07:08.745Z - info: Pages rebuilt
2021-10-20T06:07:08.746Z - info: Website regeneration complete! Total build time: 3.139s
2021-10-20T06:07:57.376Z - info: [2:07:57 pm] Reload for file change: C:\repos\nus-cs2103\cs2103-website-base\admin\tp-grading-bugs.mbdf
2021-10-20T06:07:57.377Z - info: Synchronizing opened pages list before reload
2021-10-20T06:07:57.378Z - info: Current opened pages, from most-to-least recent:
2021-10-20T06:07:57.378Z - info: 1. schedule/week10/project
2021-10-20T06:07:58.412Z - info: Rebuilding 1 pages
2021-10-20T06:08:01.413Z - info: Site data built
2021-10-20T06:08:01.414Z - info: Pages rebuilt
2021-10-20T06:08:01.414Z - info: Website regeneration complete! Total build time: 3.004s
2021-10-20T06:08:06.362Z - info: Building C:\repos\nus-cs2103\cs2103-website-base\admin\tp-constraints as some of its dependencies were changed since the last visit
2021-10-20T06:08:07.070Z - info: Site data built
2021-10-20T06:08:07.071Z - info: Lazy website regeneration complete! Total build time: 0.708s
2021-10-20T06:09:07.206Z - info: [2:09:07 pm] Reload for file change: C:\repos\nus-cs2103\cs2103-website-base\admin\tp-tasks.mbdf
2021-10-20T06:09:07.207Z - info: Synchronizing opened pages list before reload
2021-10-20T06:09:07.208Z - info: Current opened pages, from most-to-least recent:
2021-10-20T06:09:07.208Z - info: 1. schedule/week10/project
2021-10-20T06:09:08.212Z - info: Rebuilding 1 pages
2021-10-20T06:09:11.002Z - info: Site data built
2021-10-20T06:09:11.002Z - info: Pages rebuilt
2021-10-20T06:09:11.003Z - info: Website regeneration complete! Total build time: 2.792s
2021-10-20T06:09:30.133Z - info: Building C:\repos\nus-cs2103\cs2103-website-base\admin\tp-grading as some of its dependencies were changed since the last visit
2021-10-20T06:09:31.471Z - info: Site data built
2021-10-20T06:09:31.472Z - info: Lazy website regeneration complete! Total build time: 1.338s
2021-10-20T06:12:02.874Z - info: Website generation started at 2:11:57 pm
2021-10-20T06:12:13.456Z - info: Building assets...
