2021-11-09T16:55:54.533Z - info: Website generation (lazy) started at 12:55:48 am
2021-11-09T16:56:01.043Z - info: Building assets...
2021-11-09T16:56:06.363Z - info: Assets built
2021-11-09T16:56:06.364Z - info: Generating landing page...
2021-11-09T16:56:07.417Z - info: Landing page built, other pages will be built as you navigate to them!
2021-11-09T16:56:08.355Z - info: Site data built
2021-11-09T16:56:08.356Z - info: Website generation (lazy) complete! Total build time: 20.121s
2021-11-09T16:56:09.217Z - info: Serving "C:\repos\nus-cs2103\cs2103-website-base\_site" at http://127.0.0.1:8080
2021-11-09T16:56:09.217Z - info: Press CTRL+C to stop ...
2021-11-09T17:16:08.378Z - info: Building C:\repos\nus-cs2103\cs2103-website-base\admin\teamList as some of its dependencies were changed since the last visit
2021-11-09T17:16:10.767Z - info: Site data built
2021-11-09T17:16:10.768Z - info: Lazy website regeneration complete! Total build time: 2.39s
2021-11-09T17:27:38.345Z - info: [1:27:38 am] Reload for file change: C:\repos\nus-cs2103\cs2103-website-base\admin\teamList.md
2021-11-09T17:27:38.345Z - info: Synchronizing opened pages list before reload
2021-11-09T17:27:38.346Z - info: Current opened pages, from most-to-least recent:
2021-11-09T17:27:38.346Z - info: 1. admin/teamList
2021-11-09T17:27:39.370Z - info: Rebuilding 1 pages
2021-11-09T17:27:41.395Z - info: Site data built
2021-11-09T17:27:41.395Z - info: Pages rebuilt
2021-11-09T17:27:41.395Z - info: Website regeneration complete! Total build time: 2.026s
2021-11-09T17:30:05.230Z - info: [1:30:05 am] Reload for file change: C:\repos\nus-cs2103\cs2103-website-base\admin\teamList.md
2021-11-09T17:30:05.230Z - info: Synchronizing opened pages list before reload
2021-11-09T17:30:05.230Z - info: Current opened pages, from most-to-least recent:
2021-11-09T17:30:05.231Z - info: 1. admin/teamList
2021-11-09T17:30:06.245Z - info: Rebuilding 1 pages
2021-11-09T17:30:07.742Z - info: Site data built
2021-11-09T17:30:07.743Z - info: Pages rebuilt
2021-11-09T17:30:07.743Z - info: Website regeneration complete! Total build time: 1.499s
2021-11-09T17:31:24.313Z - info: [1:31:24 am] Reload for file change: C:\repos\nus-cs2103\cs2103-website-base\admin\teamList.md
2021-11-09T17:31:24.313Z - info: Synchronizing opened pages list before reload
2021-11-09T17:31:24.314Z - info: Current opened pages, from most-to-least recent:
2021-11-09T17:31:24.314Z - info: 1. admin/teamList
2021-11-09T17:31:25.334Z - info: Rebuilding 1 pages
2021-11-09T17:31:26.850Z - info: Site data built
2021-11-09T17:31:26.850Z - info: Pages rebuilt
2021-11-09T17:31:26.850Z - info: Website regeneration complete! Total build time: 1.519s
2021-11-09T17:32:42.961Z - info: [1:32:42 am] Reload for file change: C:\repos\nus-cs2103\cs2103-website-base\admin\teamList.md
2021-11-09T17:32:42.961Z - info: Synchronizing opened pages list before reload
2021-11-09T17:32:42.962Z - info: Current opened pages, from most-to-least recent:
2021-11-09T17:32:42.963Z - info: 1. admin/teamList
2021-11-09T17:32:43.980Z - info: Rebuilding 1 pages
2021-11-09T17:32:45.528Z - info: Site data built
2021-11-09T17:32:45.528Z - info: Pages rebuilt
2021-11-09T17:32:45.528Z - info: Website regeneration complete! Total build time: 1.55s
2021-11-09T17:34:07.277Z - info: Website generation started at 1:34:05 am
2021-11-09T17:34:12.833Z - info: Building assets...
