2021-09-08T08:01:03.521Z - info: Website generation (lazy) started at 4:00:56 pm
2021-09-08T08:01:10.327Z - info: Building assets...
2021-09-08T08:01:16.923Z - info: Assets built
2021-09-08T08:01:16.924Z - info: Generating landing page...
2021-09-08T08:01:19.277Z - info: Landing page built, other pages will be built as you navigate to them!
2021-09-08T08:01:20.377Z - info: Site data built
2021-09-08T08:01:20.377Z - info: Website generation (lazy) complete! Total build time: 24.095s
2021-09-08T08:01:21.602Z - info: Serving "C:\repos\nus-cs2103\cs2103-website-base\_site" at http://127.0.0.1:8080
2021-09-08T08:01:21.602Z - info: Press CTRL+C to stop ...
2021-09-08T08:04:32.733Z - info: Building C:\repos\nus-cs2103\cs2103-website-base\schedule\week5\project as some of its dependencies were changed since the last visit
2021-09-08T08:04:35.820Z - info: Site data built
2021-09-08T08:04:35.820Z - info: Lazy website regeneration complete! Total build time: 3.088s
2021-09-08T08:06:27.490Z - info: Building C:\repos\nus-cs2103\cs2103-website-base\schedule\week6\project as some of its dependencies were changed since the last visit
2021-09-08T08:06:31.187Z - info: Site data built
2021-09-08T08:06:31.188Z - info: Lazy website regeneration complete! Total build time: 3.698s
2021-09-08T08:07:24.760Z - info: Building C:\repos\nus-cs2103\cs2103-website-base\schedule\week5\tutorial as some of its dependencies were changed since the last visit
2021-09-08T08:07:27.191Z - info: Site data built
2021-09-08T08:07:27.192Z - info: Lazy website regeneration complete! Total build time: 2.433s
2021-09-08T08:12:26.424Z - info: [4:12:26 pm] Reload for file change: C:\repos\nus-cs2103\cs2103-website-base\admin\tp-tasks.mbdf
2021-09-08T08:12:26.424Z - info: Synchronizing opened pages list before reload
2021-09-08T08:12:26.425Z - info: Current opened pages, from most-to-least recent:
2021-09-08T08:12:26.425Z - info: 1. schedule/week5/project
2021-09-08T08:12:27.437Z - info: Rebuilding 1 pages
2021-09-08T08:12:29.566Z - info: Site data built
2021-09-08T08:12:29.566Z - info: Pages rebuilt
2021-09-08T08:12:29.566Z - info: Website regeneration complete! Total build time: 2.13s
2021-09-08T08:13:31.688Z - info: [4:13:31 pm] Reload for file change: C:\repos\nus-cs2103\cs2103-website-base\admin\tp-tasks.mbdf
2021-09-08T08:13:31.689Z - info: Synchronizing opened pages list before reload
2021-09-08T08:13:31.689Z - info: Current opened pages, from most-to-least recent:
2021-09-08T08:13:31.689Z - info: 1. schedule/week5/project
2021-09-08T08:13:32.713Z - info: Rebuilding 1 pages
2021-09-08T08:13:34.751Z - info: Site data built
2021-09-08T08:13:34.751Z - info: Pages rebuilt
2021-09-08T08:13:34.751Z - info: Website regeneration complete! Total build time: 2.04s
2021-09-08T08:13:54.311Z - info: [4:13:54 pm] Reload for file change: C:\repos\nus-cs2103\cs2103-website-base\admin\tp-tasks.mbdf
2021-09-08T08:13:54.311Z - info: Synchronizing opened pages list before reload
2021-09-08T08:13:54.312Z - info: Current opened pages, from most-to-least recent:
2021-09-08T08:13:54.312Z - info: 1. schedule/week5/project
2021-09-08T08:13:55.333Z - info: Rebuilding 1 pages
2021-09-08T08:13:57.466Z - info: Site data built
2021-09-08T08:13:57.466Z - info: Pages rebuilt
2021-09-08T08:13:57.467Z - info: Website regeneration complete! Total build time: 2.135s
2021-09-08T08:13:59.118Z - info: [4:13:59 pm] Reload for file change: C:\repos\nus-cs2103\cs2103-website-base\admin\tp-tasks.mbdf
2021-09-08T08:13:59.118Z - info: Synchronizing opened pages list before reload
2021-09-08T08:13:59.118Z - info: Current opened pages, from most-to-least recent:
2021-09-08T08:13:59.118Z - info: 1. schedule/week5/project
2021-09-08T08:14:00.119Z - info: Rebuilding 1 pages
2021-09-08T08:14:01.527Z - info: Site data built
2021-09-08T08:14:01.527Z - info: Pages rebuilt
2021-09-08T08:14:01.527Z - info: Website regeneration complete! Total build time: 1.408s
2021-09-08T08:14:43.751Z - info: [4:14:43 pm] Reload for file change: C:\repos\nus-cs2103\cs2103-website-base\admin\tp-tasks.mbdf
2021-09-08T08:14:43.752Z - info: Synchronizing opened pages list before reload
2021-09-08T08:14:43.752Z - info: Current opened pages, from most-to-least recent:
2021-09-08T08:14:43.753Z - info: 1. schedule/week5/project
2021-09-08T08:14:44.766Z - info: Rebuilding 1 pages
2021-09-08T08:14:46.856Z - info: Site data built
2021-09-08T08:14:46.856Z - info: Pages rebuilt
2021-09-08T08:14:46.857Z - info: Website regeneration complete! Total build time: 2.091s
2021-09-08T08:16:29.778Z - info: [4:16:29 pm] Reload for file change: C:\repos\nus-cs2103\cs2103-website-base\admin\tp-tasks.mbdf
2021-09-08T08:16:29.779Z - info: Synchronizing opened pages list before reload
2021-09-08T08:16:29.779Z - info: Current opened pages, from most-to-least recent:
2021-09-08T08:16:29.779Z - info: 1. schedule/week5/project
2021-09-08T08:16:30.790Z - info: Rebuilding 1 pages
2021-09-08T08:16:32.567Z - info: Site data built
2021-09-08T08:16:32.567Z - info: Pages rebuilt
2021-09-08T08:16:32.567Z - info: Website regeneration complete! Total build time: 1.779s
2021-09-08T08:16:53.721Z - info: [4:16:53 pm] Reload for file change: C:\repos\nus-cs2103\cs2103-website-base\admin\tp-tasks.mbdf
2021-09-08T08:16:53.722Z - info: Synchronizing opened pages list before reload
2021-09-08T08:16:53.723Z - info: Current opened pages, from most-to-least recent:
2021-09-08T08:16:53.724Z - info: 1. schedule/week5/project
2021-09-08T08:16:54.742Z - info: Rebuilding 1 pages
2021-09-08T08:16:56.695Z - info: Site data built
2021-09-08T08:16:56.696Z - info: Pages rebuilt
2021-09-08T08:16:56.696Z - info: Website regeneration complete! Total build time: 1.955s
2021-09-08T08:35:11.559Z - info: Building C:\repos\nus-cs2103\cs2103-website-base\schedule\week6\index as some of its dependencies were changed since the last visit
2021-09-08T08:35:12.775Z - info: Site data built
2021-09-08T08:35:12.775Z - info: Lazy website regeneration complete! Total build time: 1.216s
2021-09-08T08:40:00.855Z - info: Building C:\repos\nus-cs2103\cs2103-website-base\schedule\week6\admin as some of its dependencies were changed since the last visit
2021-09-08T08:40:01.442Z - info: Site data built
2021-09-08T08:40:01.443Z - info: Lazy website regeneration complete! Total build time: 0.588s
2021-09-08T08:40:08.288Z - info: Building C:\repos\nus-cs2103\cs2103-website-base\schedule\week6\topics as some of its dependencies were changed since the last visit
2021-09-08T08:40:10.259Z - info: Site data built
2021-09-08T08:40:10.260Z - info: Lazy website regeneration complete! Total build time: 1.971s
2021-09-08T08:40:13.020Z - debug:  
2021-09-08T08:40:13.056Z - debug:  
2021-09-08T08:41:54.681Z - info: Building C:\repos\nus-cs2103\cs2103-website-base\schedule\week6\project as some of its dependencies were changed since the last visit
2021-09-08T08:41:56.874Z - info: Site data built
2021-09-08T08:41:56.875Z - info: Lazy website regeneration complete! Total build time: 2.195s
2021-09-08T08:59:44.397Z - info: [4:59:44 pm] Reload for file change: C:\repos\nus-cs2103\cs2103-website-base\book\projectDuke\extensions.mbdf
2021-09-08T08:59:44.398Z - info: Synchronizing opened pages list before reload
2021-09-08T08:59:44.398Z - info: Current opened pages, from most-to-least recent:
2021-09-08T08:59:44.398Z - info: 1. schedule/week6/project
2021-09-08T08:59:45.408Z - info: Rebuilding 1 pages
2021-09-08T08:59:47.200Z - info: Site data built
2021-09-08T08:59:47.200Z - info: Pages rebuilt
2021-09-08T08:59:47.200Z - info: Website regeneration complete! Total build time: 1.793s
2021-09-08T09:00:29.686Z - info: [5:00:29 pm] Reload for file change: C:\repos\nus-cs2103\cs2103-website-base\book\projectDuke\extensions.mbdf
2021-09-08T09:00:29.686Z - info: Synchronizing opened pages list before reload
2021-09-08T09:00:29.686Z - info: Current opened pages, from most-to-least recent:
2021-09-08T09:00:29.687Z - info: 1. schedule/week6/project
2021-09-08T09:00:30.692Z - info: Rebuilding 1 pages
2021-09-08T09:00:32.653Z - info: Site data built
2021-09-08T09:00:32.653Z - info: Pages rebuilt
2021-09-08T09:00:32.653Z - info: Website regeneration complete! Total build time: 1.962s
2021-09-08T09:02:18.135Z - info: [5:02:18 pm] Reload for file change: C:\repos\nus-cs2103\cs2103-website-base\book\projectDuke\extensions.mbdf
2021-09-08T09:02:18.135Z - info: Synchronizing opened pages list before reload
2021-09-08T09:02:18.136Z - info: Current opened pages, from most-to-least recent:
2021-09-08T09:02:18.136Z - info: 1. schedule/week6/project
2021-09-08T09:02:19.139Z - info: Rebuilding 1 pages
2021-09-08T09:02:21.050Z - info: Site data built
2021-09-08T09:02:21.050Z - info: Pages rebuilt
2021-09-08T09:02:21.051Z - info: Website regeneration complete! Total build time: 1.913s
2021-09-08T09:02:32.299Z - info: [5:02:32 pm] Reload for file change: C:\repos\nus-cs2103\cs2103-website-base\book\projectDuke\extensions.mbdf
2021-09-08T09:02:32.299Z - info: Synchronizing opened pages list before reload
2021-09-08T09:02:32.299Z - info: Current opened pages, from most-to-least recent:
2021-09-08T09:02:32.299Z - info: 1. schedule/week6/project
2021-09-08T09:02:33.308Z - info: Rebuilding 1 pages
2021-09-08T09:02:34.553Z - info: Site data built
2021-09-08T09:02:34.553Z - info: Pages rebuilt
2021-09-08T09:02:34.553Z - info: Website regeneration complete! Total build time: 1.246s
2021-09-08T09:14:24.447Z - info: [5:14:24 pm] Reload for file change: C:\repos\nus-cs2103\cs2103-website-base\admin\tp-tasks.mbdf
2021-09-08T09:14:24.448Z - info: Synchronizing opened pages list before reload
2021-09-08T09:14:24.449Z - info: Current opened pages, from most-to-least recent:
2021-09-08T09:14:24.450Z - info: 1. schedule/week6/project
2021-09-08T09:14:25.465Z - info: Rebuilding 1 pages
2021-09-08T09:14:27.077Z - info: Site data built
2021-09-08T09:14:27.078Z - info: Pages rebuilt
2021-09-08T09:14:27.078Z - info: Website regeneration complete! Total build time: 1.618s
2021-09-08T09:15:50.509Z - info: Building C:\repos\nus-cs2103\cs2103-website-base\schedule\week6\tutorial as some of its dependencies were changed since the last visit
2021-09-08T09:15:50.826Z - info: Site data built
2021-09-08T09:15:50.827Z - info: Lazy website regeneration complete! Total build time: 0.319s
2021-09-08T09:37:07.181Z - info: Website generation started at 5:37:05 pm
2021-09-08T09:37:12.327Z - info: Building assets...
