2021-09-29T14:18:24.576Z - info: Website generation (lazy) started at 10:18:18 pm
2021-09-29T14:18:31.096Z - info: Building assets...
2021-09-29T14:18:36.339Z - info: Assets built
2021-09-29T14:18:36.340Z - info: Generating landing page...
2021-09-29T14:18:38.000Z - info: Landing page built, other pages will be built as you navigate to them!
2021-09-29T14:18:38.820Z - info: Site data built
2021-09-29T14:18:38.820Z - info: Website generation (lazy) complete! Total build time: 20.328s
2021-09-29T14:18:39.684Z - info: Serving "C:\repos\nus-cs2103\cs2103-website-base\_site" at http://127.0.0.1:8080
2021-09-29T14:18:39.684Z - info: Press CTRL+C to stop ...
2021-09-29T14:24:10.237Z - info: Building C:\repos\nus-cs2103\cs2103-website-base\schedule\week8\index as some of its dependencies were changed since the last visit
2021-09-29T14:24:11.614Z - info: Site data built
2021-09-29T14:24:11.614Z - info: Lazy website regeneration complete! Total build time: 1.378s
2021-09-29T14:24:41.323Z - info: Building C:\repos\nus-cs2103\cs2103-website-base\schedule\week8\admin as some of its dependencies were changed since the last visit
2021-09-29T14:24:42.127Z - info: Site data built
2021-09-29T14:24:42.128Z - info: Lazy website regeneration complete! Total build time: 0.806s
2021-09-29T14:24:42.948Z - info: Building C:\repos\nus-cs2103\cs2103-website-base\schedule\week8\admin as some of its dependencies were changed since the last visit
2021-09-29T14:24:43.311Z - info: Site data built
2021-09-29T14:24:43.311Z - info: Lazy website regeneration complete! Total build time: 0.364s
2021-09-29T14:28:26.300Z - info: Building C:\repos\nus-cs2103\cs2103-website-base\schedule\week8\topics as some of its dependencies were changed since the last visit
2021-09-29T14:28:33.114Z - debug:  
2021-09-29T14:28:33.123Z - debug:  
2021-09-29T14:28:33.128Z - debug:  
2021-09-29T14:28:33.147Z - debug:  
2021-09-29T14:28:33.182Z - info: Site data built
2021-09-29T14:28:33.182Z - info: Lazy website regeneration complete! Total build time: 6.883s
2021-09-29T14:38:00.674Z - info: [10:38:00 pm] Reload for file change: C:\repos\nus-cs2103\cs2103-website-base\book\testing\testCoverage\how\text.md
2021-09-29T14:38:00.675Z - info: Synchronizing opened pages list before reload
2021-09-29T14:38:00.676Z - info: Current opened pages, from most-to-least recent:
2021-09-29T14:38:00.676Z - info: 1. schedule/week8/topics
2021-09-29T14:38:01.680Z - info: Rebuilding 1 pages
2021-09-29T14:38:05.796Z - debug:  
2021-09-29T14:38:05.798Z - debug:  
2021-09-29T14:38:06.014Z - info: Site data built
2021-09-29T14:38:06.014Z - info: Pages rebuilt
2021-09-29T14:38:06.014Z - info: Website regeneration complete! Total build time: 4.335s
2021-09-29T14:38:06.029Z - debug:  
2021-09-29T14:38:06.099Z - debug:  
2021-09-29T14:39:55.459Z - info: [10:39:55 pm] Reload for file change: C:\repos\nus-cs2103\cs2103-website-base\book\testing\testCoverage\how\text.md
2021-09-29T14:39:55.460Z - info: Synchronizing opened pages list before reload
2021-09-29T14:39:55.460Z - info: Current opened pages, from most-to-least recent:
2021-09-29T14:39:55.461Z - info: 1. schedule/week8/topics
2021-09-29T14:39:56.479Z - info: Rebuilding 1 pages
2021-09-29T14:40:01.164Z - debug:  
2021-09-29T14:40:01.165Z - debug:  
2021-09-29T14:40:01.435Z - info: Site data built
2021-09-29T14:40:01.435Z - info: Pages rebuilt
2021-09-29T14:40:01.435Z - info: Website regeneration complete! Total build time: 4.956s
2021-09-29T14:40:01.485Z - debug:  
2021-09-29T14:40:01.513Z - debug:  
2021-09-29T14:40:16.508Z - info: [10:40:16 pm] Reload for file change: C:\repos\nus-cs2103\cs2103-website-base\book\testing\testCoverage\how\text.md
2021-09-29T14:40:16.509Z - info: Synchronizing opened pages list before reload
2021-09-29T14:40:16.509Z - info: Current opened pages, from most-to-least recent:
2021-09-29T14:40:16.509Z - info: 1. schedule/week8/topics
2021-09-29T14:40:17.524Z - info: Rebuilding 1 pages
2021-09-29T14:40:22.144Z - debug:  
2021-09-29T14:40:22.144Z - debug:  
2021-09-29T14:40:22.364Z - info: Site data built
2021-09-29T14:40:22.364Z - info: Pages rebuilt
2021-09-29T14:40:22.364Z - info: Website regeneration complete! Total build time: 4.841s
2021-09-29T14:40:22.584Z - debug:  
2021-09-29T14:40:22.608Z - debug:  
2021-09-29T14:41:00.505Z - info: Building C:\repos\nus-cs2103\cs2103-website-base\schedule\week8\project as some of its dependencies were changed since the last visit
2021-09-29T14:41:02.787Z - info: Site data built
2021-09-29T14:41:02.789Z - info: Lazy website regeneration complete! Total build time: 2.285s
2021-09-29T14:41:03.605Z - info: Building C:\repos\nus-cs2103\cs2103-website-base\schedule\week8\project as some of its dependencies were changed since the last visit
2021-09-29T14:41:04.642Z - info: Site data built
2021-09-29T14:41:04.642Z - info: Lazy website regeneration complete! Total build time: 1.038s
2021-09-29T14:46:00.763Z - info: Building C:\repos\nus-cs2103\cs2103-website-base\schedule\week8\tutorial as some of its dependencies were changed since the last visit
2021-09-29T14:46:01.766Z - info: Site data built
2021-09-29T14:46:01.766Z - info: Lazy website regeneration complete! Total build time: 1.004s
2021-09-29T14:47:29.583Z - info: Website generation started at 10:47:26 pm
2021-09-29T14:47:35.679Z - info: Building assets...
