2021-11-12T06:51:28.013Z - info: Website generation (lazy) started at 2:51:20 pm
2021-11-12T06:51:38.421Z - info: Building assets...
2021-11-12T06:51:44.972Z - info: Assets built
2021-11-12T06:51:44.972Z - info: Generating landing page...
2021-11-12T06:51:46.115Z - info: Landing page built, other pages will be built as you navigate to them!
2021-11-12T06:51:47.136Z - info: Site data built
2021-11-12T06:51:47.137Z - info: Website generation (lazy) complete! Total build time: 26.172s
2021-11-12T06:51:48.018Z - info: Serving "C:\repos\nus-cs2103\cs2103-website-base\_site" at http://127.0.0.1:8080
2021-11-12T06:51:48.018Z - info: Press CTRL+C to stop ...
2021-11-12T06:52:02.604Z - info: Building C:\repos\nus-cs2103\cs2103-website-base\admin\tp-pe as some of its dependencies were changed since the last visit
2021-11-12T06:52:05.020Z - info: Site data built
2021-11-12T06:52:05.021Z - info: Lazy website regeneration complete! Total build time: 2.416s
2021-11-12T06:53:43.743Z - info: [2:53:43 pm] Reload for file change: C:\repos\nus-cs2103\cs2103-website-base\admin\tp-pe.mbdf
2021-11-12T06:53:43.744Z - info: Synchronizing opened pages list before reload
2021-11-12T06:53:43.744Z - info: Current opened pages, from most-to-least recent:
2021-11-12T06:53:43.744Z - info: 1. admin/tp-pe
2021-11-12T06:53:44.760Z - info: Rebuilding 1 pages
2021-11-12T06:53:46.485Z - info: Site data built
2021-11-12T06:53:46.485Z - info: Pages rebuilt
2021-11-12T06:53:46.486Z - info: Website regeneration complete! Total build time: 1.727s
2021-11-12T06:54:15.097Z - info: Website generation started at 2:54:13 pm
2021-11-12T06:54:20.087Z - info: Building assets...
2021-11-12T06:54:24.390Z - info: Assets built
2021-11-12T06:54:24.391Z - info: Generating pages...
2021-11-12T06:54:35.072Z - debug:  
2021-11-12T06:54:35.073Z - debug:  
2021-11-12T06:54:35.073Z - debug:  
2021-11-12T06:54:35.073Z - debug:  
2021-11-12T06:54:35.073Z - debug:  
2021-11-12T06:54:35.074Z - debug:  
2021-11-12T06:56:28.172Z - debug:  
2021-11-12T06:56:41.663Z - debug:  
2021-11-12T06:56:41.663Z - debug:  
2021-11-12T06:56:48.419Z - info: Pages built
2021-11-12T06:56:49.289Z - info: Site data built
2021-11-12T06:56:49.289Z - info: Website generation complete! Total build time: 156.224s
2021-11-12T06:56:49.289Z - info: Build success!
2021-11-12T06:57:02.555Z - info: Deployed at https://nus-cs2103-ay2122s1.github.io/website!
