2021-12-10T16:50:57.708Z - info: Website generation started at 12:50:55 am
2021-12-10T16:51:03.105Z - info: Building assets...
2021-12-10T16:51:07.229Z - info: Assets built
2021-12-10T16:51:07.230Z - info: Generating pages...
2021-12-10T16:51:15.285Z - debug:  
2021-12-10T16:51:15.285Z - debug:  
2021-12-10T16:51:15.286Z - debug:  
2021-12-10T16:51:15.286Z - debug:  
2021-12-10T16:51:15.286Z - debug:  
2021-12-10T16:51:15.286Z - debug:  
2021-12-10T16:53:08.168Z - debug:  
2021-12-10T16:53:19.982Z - debug:  
2021-12-10T16:53:20.121Z - debug:  
2021-12-10T16:53:27.984Z - info: Pages built
2021-12-10T16:53:28.860Z - info: Site data built
2021-12-10T16:53:28.861Z - info: Website generation complete! Total build time: 153.028s
2021-12-10T16:53:29.711Z - info: Serving "C:\repos\nus-cs2103\cs2103-website-base\_site" at http://127.0.0.1:8080
2021-12-10T16:53:29.711Z - info: Press CTRL+C to stop ...
2021-12-10T16:55:13.204Z - info: Website generation started at 12:55:08 am
2021-12-10T16:55:18.703Z - info: Building assets...
