2021-11-17T03:46:59.629Z - info: Website generation started at 11:46:57 am
2021-11-17T03:47:05.856Z - info: Building assets...
2021-11-17T03:47:10.855Z - info: Assets built
2021-11-17T03:47:10.856Z - info: Generating pages...
2021-11-17T03:47:22.967Z - debug:  
2021-11-17T03:47:22.968Z - debug:  
2021-11-17T03:47:22.969Z - debug:  
2021-11-17T03:47:22.969Z - debug:  
2021-11-17T03:47:22.970Z - debug:  
2021-11-17T03:47:22.970Z - debug:  
2021-11-17T03:49:28.796Z - debug:  
2021-11-17T03:49:44.004Z - debug:  
2021-11-17T03:49:44.005Z - debug:  
2021-11-17T03:49:53.627Z - info: Pages built
2021-11-17T03:49:54.843Z - info: Site data built
2021-11-17T03:49:54.843Z - info: Website generation complete! Total build time: 177.489s
2021-11-17T03:49:54.844Z - info: Build success!
2021-11-17T03:50:12.243Z - info: Deployed at https://nus-cs2103-ay2122s1.github.io/website!
2021-11-17T05:26:06.315Z - info: Website generation (lazy) started at 1:26:00 pm
2021-11-17T05:26:12.574Z - info: Building assets...
2021-11-17T05:26:17.414Z - info: Assets built
2021-11-17T05:26:17.415Z - info: Generating landing page...
2021-11-17T05:26:18.510Z - info: Landing page built, other pages will be built as you navigate to them!
2021-11-17T05:26:19.432Z - info: Site data built
2021-11-17T05:26:19.432Z - info: Website generation (lazy) complete! Total build time: 18.886s
2021-11-17T05:26:20.432Z - info: Serving "C:\repos\nus-cs2103\cs2103-website-base\_site" at http://127.0.0.1:8080
2021-11-17T05:26:20.432Z - info: Press CTRL+C to stop ...
2021-11-17T05:26:39.449Z - info: Building C:\repos\nus-cs2103\cs2103-website-base\admin\tp-pe as some of its dependencies were changed since the last visit
2021-11-17T05:26:41.754Z - info: Site data built
2021-11-17T05:26:41.754Z - info: Lazy website regeneration complete! Total build time: 2.305s
2021-11-17T05:28:49.213Z - info: [1:28:49 pm] Reload for file change: C:\repos\nus-cs2103\cs2103-website-base\admin\tp-pe.mbdf
2021-11-17T05:28:49.214Z - info: Synchronizing opened pages list before reload
2021-11-17T05:28:49.214Z - info: Current opened pages, from most-to-least recent:
2021-11-17T05:28:49.215Z - info: 1. admin/tp-pe
2021-11-17T05:28:50.235Z - info: Rebuilding 1 pages
2021-11-17T05:28:52.457Z - info: Site data built
2021-11-17T05:28:52.457Z - info: Pages rebuilt
2021-11-17T05:28:52.457Z - info: Website regeneration complete! Total build time: 2.224s
2021-11-17T05:29:14.792Z - info: [1:29:14 pm] Reload for file change: C:\repos\nus-cs2103\cs2103-website-base\admin\tp-pe.mbdf
2021-11-17T05:29:14.793Z - info: Synchronizing opened pages list before reload
2021-11-17T05:29:14.794Z - info: Current opened pages, from most-to-least recent:
2021-11-17T05:29:14.795Z - info: 1. admin/tp-pe
2021-11-17T05:29:15.812Z - info: Rebuilding 1 pages
2021-11-17T05:29:18.101Z - info: Site data built
2021-11-17T05:29:18.102Z - info: Pages rebuilt
2021-11-17T05:29:18.102Z - info: Website regeneration complete! Total build time: 2.291s
2021-11-17T05:29:35.011Z - info: [1:29:35 pm] Reload for file change: C:\repos\nus-cs2103\cs2103-website-base\admin\tp-pe.mbdf
2021-11-17T05:29:35.011Z - info: Synchronizing opened pages list before reload
2021-11-17T05:29:35.012Z - info: Current opened pages, from most-to-least recent:
2021-11-17T05:29:35.013Z - info: 1. admin/tp-pe
2021-11-17T05:29:36.019Z - info: Rebuilding 1 pages
2021-11-17T05:29:38.037Z - info: Site data built
2021-11-17T05:29:38.037Z - info: Pages rebuilt
2021-11-17T05:29:38.037Z - info: Website regeneration complete! Total build time: 2.019s
2021-11-17T05:30:12.000Z - info: [1:30:12 pm] Reload for file change: C:\repos\nus-cs2103\cs2103-website-base\admin\tp-pe.mbdf
2021-11-17T05:30:12.001Z - info: Synchronizing opened pages list before reload
2021-11-17T05:30:12.001Z - info: Current opened pages, from most-to-least recent:
2021-11-17T05:30:12.002Z - info: 1. admin/tp-pe
2021-11-17T05:30:13.020Z - info: Rebuilding 1 pages
2021-11-17T05:30:15.043Z - info: Site data built
2021-11-17T05:30:15.043Z - info: Pages rebuilt
2021-11-17T05:30:15.043Z - info: Website regeneration complete! Total build time: 2.024s
2021-11-17T05:33:31.959Z - info: [1:33:31 pm] Reload for file change: C:\repos\nus-cs2103\cs2103-website-base\admin\tp-pe.mbdf
2021-11-17T05:33:31.960Z - info: Synchronizing opened pages list before reload
2021-11-17T05:33:31.960Z - info: Current opened pages, from most-to-least recent:
2021-11-17T05:33:31.961Z - info: 1. admin/tp-pe
2021-11-17T05:33:32.968Z - info: Rebuilding 1 pages
2021-11-17T05:33:35.130Z - info: Site data built
2021-11-17T05:33:35.131Z - info: Pages rebuilt
2021-11-17T05:33:35.131Z - info: Website regeneration complete! Total build time: 2.164s
2021-11-17T05:43:36.887Z - info: [1:43:36 pm] Reload for file change: C:\repos\nus-cs2103\cs2103-website-base\admin\tp-pe.mbdf
2021-11-17T05:43:36.888Z - info: Synchronizing opened pages list before reload
2021-11-17T05:43:36.889Z - info: Current opened pages, from most-to-least recent:
2021-11-17T05:43:36.889Z - info: 1. admin/tp-pe
2021-11-17T05:43:37.902Z - info: Rebuilding 1 pages
2021-11-17T05:43:40.145Z - info: Site data built
2021-11-17T05:43:40.145Z - info: Pages rebuilt
2021-11-17T05:43:40.146Z - info: Website regeneration complete! Total build time: 2.245s
2021-11-17T05:43:54.545Z - info: [1:43:54 pm] Reload for file change: C:\repos\nus-cs2103\cs2103-website-base\admin\tp-pe.mbdf
2021-11-17T05:43:54.545Z - info: Synchronizing opened pages list before reload
2021-11-17T05:43:54.546Z - info: Current opened pages, from most-to-least recent:
2021-11-17T05:43:54.546Z - info: 1. admin/tp-pe
2021-11-17T05:43:55.557Z - info: Rebuilding 1 pages
2021-11-17T05:43:57.160Z - info: Site data built
2021-11-17T05:43:57.161Z - info: Pages rebuilt
2021-11-17T05:43:57.161Z - info: Website regeneration complete! Total build time: 1.604s
2021-11-17T05:46:40.081Z - info: [1:46:40 pm] Reload for file change: C:\repos\nus-cs2103\cs2103-website-base\admin\tp-pe.mbdf
2021-11-17T05:46:40.081Z - info: Synchronizing opened pages list before reload
2021-11-17T05:46:40.082Z - info: Current opened pages, from most-to-least recent:
2021-11-17T05:46:40.083Z - info: 1. admin/tp-pe
2021-11-17T05:46:41.098Z - info: Rebuilding 1 pages
2021-11-17T05:46:43.022Z - info: Site data built
2021-11-17T05:46:43.022Z - info: Pages rebuilt
2021-11-17T05:46:43.022Z - info: Website regeneration complete! Total build time: 1.925s
2021-11-17T05:47:53.367Z - info: [1:47:53 pm] Reload for file change: C:\repos\nus-cs2103\cs2103-website-base\admin\tp-pe.mbdf
2021-11-17T05:47:53.368Z - info: Synchronizing opened pages list before reload
2021-11-17T05:47:53.368Z - info: Current opened pages, from most-to-least recent:
2021-11-17T05:47:53.368Z - info: 1. admin/tp-pe
2021-11-17T05:47:54.374Z - info: Rebuilding 1 pages
2021-11-17T05:47:56.376Z - info: Site data built
2021-11-17T05:47:56.377Z - info: Pages rebuilt
2021-11-17T05:47:56.377Z - info: Website regeneration complete! Total build time: 2.004s
2021-11-17T05:48:44.524Z - info: [1:48:44 pm] Reload for file change: C:\repos\nus-cs2103\cs2103-website-base\admin\tp-pe.mbdf
2021-11-17T05:48:44.524Z - info: Synchronizing opened pages list before reload
2021-11-17T05:48:44.525Z - info: Current opened pages, from most-to-least recent:
2021-11-17T05:48:44.525Z - info: 1. admin/tp-pe
2021-11-17T05:48:45.540Z - info: Rebuilding 1 pages
2021-11-17T05:48:47.568Z - info: Site data built
2021-11-17T05:48:47.569Z - info: Pages rebuilt
2021-11-17T05:48:47.569Z - info: Website regeneration complete! Total build time: 2.03s
2021-11-17T05:49:37.514Z - info: [1:49:37 pm] Reload for file change: C:\repos\nus-cs2103\cs2103-website-base\admin\tp-pe.mbdf
2021-11-17T05:49:37.514Z - info: Synchronizing opened pages list before reload
2021-11-17T05:49:37.515Z - info: Current opened pages, from most-to-least recent:
2021-11-17T05:49:37.516Z - info: 1. admin/tp-pe
2021-11-17T05:49:38.531Z - info: Rebuilding 1 pages
2021-11-17T05:49:40.494Z - info: Site data built
2021-11-17T05:49:40.494Z - info: Pages rebuilt
2021-11-17T05:49:40.494Z - info: Website regeneration complete! Total build time: 1.964s
2021-11-17T05:49:51.067Z - info: [1:49:51 pm] Reload for file change: C:\repos\nus-cs2103\cs2103-website-base\admin\tp-pe.mbdf
2021-11-17T05:49:51.067Z - info: Synchronizing opened pages list before reload
2021-11-17T05:49:51.067Z - info: Current opened pages, from most-to-least recent:
2021-11-17T05:49:51.067Z - info: 1. admin/tp-pe
2021-11-17T05:49:52.075Z - info: Rebuilding 1 pages
2021-11-17T05:49:53.544Z - info: Site data built
2021-11-17T05:49:53.545Z - info: Pages rebuilt
2021-11-17T05:49:53.545Z - info: Website regeneration complete! Total build time: 1.47s
2021-11-17T05:50:00.630Z - info: [1:50:00 pm] Reload for file change: C:\repos\nus-cs2103\cs2103-website-base\admin\tp-pe.mbdf
2021-11-17T05:50:00.631Z - info: Synchronizing opened pages list before reload
2021-11-17T05:50:00.631Z - info: Current opened pages, from most-to-least recent:
2021-11-17T05:50:00.631Z - info: 1. admin/tp-pe
2021-11-17T05:50:01.646Z - info: Rebuilding 1 pages
2021-11-17T05:50:02.632Z - info: Site data built
2021-11-17T05:50:02.632Z - info: Pages rebuilt
2021-11-17T05:50:02.632Z - info: Website regeneration complete! Total build time: 0.987s
2021-11-17T05:50:08.608Z - info: [1:50:08 pm] Reload for file change: C:\repos\nus-cs2103\cs2103-website-base\admin\tp-pe.mbdf
2021-11-17T05:50:08.608Z - info: Synchronizing opened pages list before reload
2021-11-17T05:50:08.609Z - info: Current opened pages, from most-to-least recent:
2021-11-17T05:50:08.609Z - info: 1. admin/tp-pe
2021-11-17T05:50:09.627Z - info: Rebuilding 1 pages
2021-11-17T05:50:11.034Z - info: Site data built
2021-11-17T05:50:11.034Z - info: Pages rebuilt
2021-11-17T05:50:11.034Z - info: Website regeneration complete! Total build time: 1.407s
2021-11-17T05:50:31.822Z - info: Building C:\repos\nus-cs2103\cs2103-website-base\admin\exams as some of its dependencies were changed since the last visit
2021-11-17T05:50:32.169Z - info: Site data built
2021-11-17T05:50:32.169Z - info: Lazy website regeneration complete! Total build time: 0.347s
2021-11-17T05:51:58.361Z - info: [1:51:58 pm] Reload for file change: C:\repos\nus-cs2103\cs2103-website-base\admin\exams.md
2021-11-17T05:51:58.362Z - info: Synchronizing opened pages list before reload
2021-11-17T05:51:58.362Z - info: Current opened pages, from most-to-least recent:
2021-11-17T05:51:58.362Z - info: 1. admin/exams
2021-11-17T05:51:59.379Z - info: Rebuilding 1 pages
2021-11-17T05:51:59.654Z - info: Site data built
2021-11-17T05:51:59.654Z - info: Pages rebuilt
2021-11-17T05:51:59.655Z - info: Website regeneration complete! Total build time: 0.277s
2021-11-17T05:52:21.630Z - info: [1:52:21 pm] Reload for file change: C:\repos\nus-cs2103\cs2103-website-base\admin\exams.md
2021-11-17T05:52:21.631Z - info: Synchronizing opened pages list before reload
2021-11-17T05:52:21.631Z - info: Current opened pages, from most-to-least recent:
2021-11-17T05:52:21.631Z - info: 1. admin/exams
2021-11-17T05:52:22.647Z - info: Rebuilding 1 pages
2021-11-17T05:52:22.843Z - info: Site data built
2021-11-17T05:52:22.844Z - info: Pages rebuilt
2021-11-17T05:52:22.844Z - info: Website regeneration complete! Total build time: 0.198s
2021-11-17T05:52:59.190Z - info: [1:52:59 pm] Reload for file change: C:\repos\nus-cs2103\cs2103-website-base\admin\exams.md
2021-11-17T05:52:59.191Z - info: Synchronizing opened pages list before reload
2021-11-17T05:52:59.191Z - info: Current opened pages, from most-to-least recent:
2021-11-17T05:52:59.191Z - info: 1. admin/exams
2021-11-17T05:53:00.199Z - info: Rebuilding 1 pages
2021-11-17T05:53:00.494Z - info: Site data built
2021-11-17T05:53:00.495Z - info: Pages rebuilt
2021-11-17T05:53:00.495Z - info: Website regeneration complete! Total build time: 0.298s
2021-11-17T05:53:20.528Z - info: [1:53:20 pm] Reload for file change: C:\repos\nus-cs2103\cs2103-website-base\admin\exams.md
2021-11-17T05:53:20.529Z - info: Synchronizing opened pages list before reload
2021-11-17T05:53:20.529Z - info: Current opened pages, from most-to-least recent:
2021-11-17T05:53:20.529Z - info: 1. admin/exams
2021-11-17T05:53:21.540Z - info: Rebuilding 1 pages
2021-11-17T05:53:21.777Z - info: Site data built
2021-11-17T05:53:21.777Z - info: Pages rebuilt
2021-11-17T05:53:21.777Z - info: Website regeneration complete! Total build time: 0.239s
2021-11-17T05:54:32.180Z - info: [1:54:32 pm] Reload for file change: C:\repos\nus-cs2103\cs2103-website-base\admin\tp-pe.mbdf
2021-11-17T05:54:32.180Z - info: Synchronizing opened pages list before reload
2021-11-17T05:54:32.181Z - info: Current opened pages, from most-to-least recent:
2021-11-17T05:54:32.181Z - info: 1. admin/exams
2021-11-17T05:54:33.201Z - info: Rebuilding 1 pages
2021-11-17T05:54:33.429Z - info: Site data built
2021-11-17T05:54:33.429Z - info: Pages rebuilt
2021-11-17T05:54:33.430Z - info: Website regeneration complete! Total build time: 0.23s
2021-11-17T05:54:54.432Z - info: [1:54:54 pm] Reload for file change: C:\repos\nus-cs2103\cs2103-website-base\admin\exams.md
2021-11-17T05:54:54.432Z - info: Synchronizing opened pages list before reload
2021-11-17T05:54:54.432Z - info: Current opened pages, from most-to-least recent:
2021-11-17T05:54:54.432Z - info: 1. admin/exams
2021-11-17T05:54:55.440Z - info: Rebuilding 1 pages
2021-11-17T05:54:55.636Z - info: Site data built
2021-11-17T05:54:55.636Z - info: Pages rebuilt
2021-11-17T05:54:55.636Z - info: Website regeneration complete! Total build time: 0.197s
2021-11-17T05:55:24.732Z - info: [1:55:24 pm] Reload for file change: C:\repos\nus-cs2103\cs2103-website-base\admin\exams.md
2021-11-17T05:55:24.733Z - info: Synchronizing opened pages list before reload
2021-11-17T05:55:24.733Z - info: Current opened pages, from most-to-least recent:
2021-11-17T05:55:24.733Z - info: 1. admin/exams
2021-11-17T05:55:25.738Z - info: Rebuilding 1 pages
2021-11-17T05:55:25.963Z - info: Site data built
2021-11-17T05:55:25.963Z - info: Pages rebuilt
2021-11-17T05:55:25.963Z - info: Website regeneration complete! Total build time: 0.225s
2021-11-17T05:55:56.091Z - info: [1:55:56 pm] Reload for file change: C:\repos\nus-cs2103\cs2103-website-base\admin\exams.md
2021-11-17T05:55:56.091Z - info: Synchronizing opened pages list before reload
2021-11-17T05:55:56.091Z - info: Current opened pages, from most-to-least recent:
2021-11-17T05:55:56.091Z - info: 1. admin/exams
2021-11-17T05:55:57.096Z - info: Rebuilding 1 pages
2021-11-17T05:55:57.289Z - info: Site data built
2021-11-17T05:55:57.289Z - info: Pages rebuilt
2021-11-17T05:55:57.289Z - info: Website regeneration complete! Total build time: 0.194s
2021-11-17T05:56:01.504Z - info: [1:56:01 pm] Reload for file change: C:\repos\nus-cs2103\cs2103-website-base\admin\exams.md
2021-11-17T05:56:01.504Z - info: Synchronizing opened pages list before reload
2021-11-17T05:56:01.504Z - info: Current opened pages, from most-to-least recent:
2021-11-17T05:56:01.504Z - info: 1. admin/exams
2021-11-17T05:56:02.515Z - info: Rebuilding 1 pages
2021-11-17T05:56:02.700Z - info: Site data built
2021-11-17T05:56:02.700Z - info: Pages rebuilt
2021-11-17T05:56:02.700Z - info: Website regeneration complete! Total build time: 0.186s
2021-11-17T05:57:35.873Z - info: [1:57:35 pm] Reload for file change: C:\repos\nus-cs2103\cs2103-website-base\admin\tp-pe.mbdf
2021-11-17T05:57:35.873Z - info: Synchronizing opened pages list before reload
2021-11-17T05:57:35.873Z - info: Current opened pages, from most-to-least recent:
2021-11-17T05:57:35.873Z - info: 1. admin/exams
2021-11-17T05:57:36.883Z - info: Rebuilding 1 pages
2021-11-17T05:57:37.122Z - info: Site data built
2021-11-17T05:57:37.122Z - info: Pages rebuilt
2021-11-17T05:57:37.122Z - info: Website regeneration complete! Total build time: 0.241s
2021-11-17T05:58:18.389Z - info: [1:58:18 pm] Reload for file change: C:\repos\nus-cs2103\cs2103-website-base\admin\tp-pe.mbdf
2021-11-17T05:58:18.389Z - info: Synchronizing opened pages list before reload
2021-11-17T05:58:18.389Z - info: Current opened pages, from most-to-least recent:
2021-11-17T05:58:18.389Z - info: 1. admin/exams
2021-11-17T05:58:19.399Z - info: Rebuilding 1 pages
2021-11-17T05:58:19.587Z - info: Site data built
2021-11-17T05:58:19.588Z - info: Pages rebuilt
2021-11-17T05:58:19.588Z - info: Website regeneration complete! Total build time: 0.19s
2021-11-17T06:07:01.652Z - info: Website generation started at 2:06:59 pm
2021-11-17T06:07:06.741Z - info: Building assets...
